Build started 3/19/2015 3:18:36 PM.
     1>Project "c:\Users\Richard\documents\visual studio 2013\Projects\Lab6\Lab6\Lab6.vcxproj" on node 2 (Build target(s)).
     1>ClCompile:
         C:\Program Files (x86)\Microsoft Visual Studio 12.0\VC\bin\CL.exe /c /ZI /nologo /W3 /WX- /sdl /Od /Oy- /D WIN32 /D _DEBUG /D _CONSOLE /D _LIB /D _UNICODE /D UNICODE /Gm /EHsc /RTC1 /MDd /GS /fp:precise /Zc:wchar_t /Zc:forScope /Fo"Debug\\" /Fd"Debug\vc120.pdb" /Gd /TP /analyze- /errorReport:prompt RationalArray.cpp
         RationalArray.cpp
     1>c:\users\richard\documents\visual studio 2013\projects\lab6\lab6\rationalarray.cpp(1): warning C4067: unexpected tokens following preprocessor directive - expected a newline
       Link:
         C:\Program Files (x86)\Microsoft Visual Studio 12.0\VC\bin\link.exe /ERRORREPORT:PROMPT /OUT:"c:\users\richard\documents\visual studio 2013\Projects\Lab6\Debug\Lab6.exe" /INCREMENTAL /NOLOGO kernel32.lib user32.lib gdi32.lib winspool.lib comdlg32.lib advapi32.lib shell32.lib ole32.lib oleaut32.lib uuid.lib odbc32.lib odbccp32.lib /MANIFEST /MANIFESTUAC:"level='asInvoker' uiAccess='false'" /manifest:embed /DEBUG /PDB:"c:\users\richard\documents\visual studio 2013\Projects\Lab6\Debug\Lab6.pdb" /SUBSYSTEM:CONSOLE /TLBID:1 /DYNAMICBASE /NXCOMPAT /IMPLIB:"c:\users\richard\documents\visual studio 2013\Projects\Lab6\Debug\Lab6.lib" /MACHINE:X86 Debug\RationalArray.obj
     1>MSVCRTD.lib(crtexe.obj) : error LNK2019: unresolved external symbol _main referenced in function ___tmainCRTStartup
     1>c:\users\richard\documents\visual studio 2013\Projects\Lab6\Debug\Lab6.exe : fatal error LNK1120: 1 unresolved externals
     1>Done Building Project "c:\Users\Richard\documents\visual studio 2013\Projects\Lab6\Lab6\Lab6.vcxproj" (Build target(s)) -- FAILED.

Build FAILED.

Time Elapsed 00:00:02.61
